e:\piano\documents\slothengine\engine\engine\debug\vc142.pdb
e:\piano\documents\slothengine\engine\engine\debug\vc142.idb
e:\piano\documents\slothengine\engine\engine\debug\init.obj
e:\piano\documents\slothengine\engine\engine\debug\engine.obj
e:\piano\documents\slothengine\engine\engine\debug\bitboards.obj
e:\piano\documents\slothengine\engine\engine\debug\hashkeys.obj
e:\piano\documents\slothengine\engine\engine\debug\board.obj
e:\piano\documents\slothengine\engine\engine\debug\data.obj
e:\piano\documents\slothengine\engine\engine\debug\attack.obj
e:\piano\documents\slothengine\engine\engine\debug\validate.obj
e:\piano\documents\slothengine\engine\engine\debug\movegen.obj
e:\piano\documents\slothengine\engine\engine\debug\io.obj
e:\piano\documents\slothengine\engine\engine\debug\makemove.obj
e:\piano\documents\slothengine\engine\engine\debug\perft.obj
e:\piano\documents\slothengine\engine\engine\debug\search.obj
e:\piano\documents\slothengine\engine\engine\debug\misc.obj
e:\piano\documents\slothengine\engine\engine\debug\pvtable.obj
e:\piano\documents\slothengine\engine\debug\engine.exe
e:\piano\documents\slothengine\engine\debug\engine.ilk
e:\piano\documents\slothengine\engine\debug\engine.pdb
e:\piano\documents\slothengine\engine\engine\debug\engine.tlog\cl.command.1.tlog
e:\piano\documents\slothengine\engine\engine\debug\engine.tlog\cl.read.1.tlog
e:\piano\documents\slothengine\engine\engine\debug\engine.tlog\cl.write.1.tlog
e:\piano\documents\slothengine\engine\engine\debug\engine.tlog\link.command.1.tlog
e:\piano\documents\slothengine\engine\engine\debug\engine.tlog\link.read.1.tlog
e:\piano\documents\slothengine\engine\engine\debug\engine.tlog\link.write.1.tlog
